<?xml version="1.0" encoding="UTF-8"?>
<testng-results total="1" passed="1" failed="0" skipped="0">
  <reporter-output>
  </reporter-output>
  <suite started-at="2021-09-27T02:50:44Z" name="Default suite" finished-at="2021-09-27T02:51:12Z" duration-ms="27138">
    <groups>
    </groups>
    <test started-at="2021-09-27T02:50:44Z" name="Default test" finished-at="2021-09-27T02:51:12Z" duration-ms="27138">
      <class name="Demo.Automation.Tests.Tests">
        <test-method is-config="true" signature="setup()[pri:0, instance:Demo.Automation.Tests.Tests@5276d6ee]" started-at="2021-09-26T20:50:44Z" name="setup" finished-at="2021-09-26T20:50:49Z" duration-ms="4282" status="PASS">
          <reporter-output>
          </reporter-output>
        </test-method> <!-- setup -->
        <test-method signature="Validate_action_dropdown_create_location()[pri:0, instance:Demo.Automation.Tests.Tests@5276d6ee]" started-at="2021-09-26T20:50:49Z" name="Validate_action_dropdown_create_location" finished-at="2021-09-26T20:51:06Z" duration-ms="17223" status="PASS">
          <reporter-output>
          </reporter-output>
        </test-method> <!-- Validate_action_dropdown_create_location -->
        <test-method is-config="true" signature="tearDown()[pri:0, instance:Demo.Automation.Tests.Tests@5276d6ee]" started-at="2021-09-26T20:51:06Z" name="tearDown" finished-at="2021-09-26T20:51:12Z" duration-ms="5622" status="PASS">
          <reporter-output>
          </reporter-output>
        </test-method> <!-- tearDown -->
      </class> <!-- Demo.Automation.Tests.Tests -->
    </test> <!-- Default test -->
  </suite> <!-- Default suite -->
</testng-results>
