<?xml version="1.0" encoding="UTF-8"?>
<testsuite xmlns:xsi="http://www.w3.org/2001/XMLSchema-instance" xsi:schemaLocation="https://maven.apache.org/surefire/maven-surefire-plugin/xsd/surefire-test-report.xsd" name="TestSuite" time="85.334" tests="6" errors="0" skipped="0" failures="3">
  <properties>
[...]
</properties>
  <testcase name="Check_provisional_text_for_Privacy" classname="Jasper.Automation.Tests.Tests" time="1.426">
    <failure message="expected [true] but found [false]" type="java.lang.AssertionError">java.lang.AssertionError: expected [true] but found [false]
	at Jasper.Automation.Tests.Tests.Check_provisional_text_for_Privacy(Tests.java:109)
</failure>
    <system-err><![CDATA[Starting ChromeDriver 89.0.4389.23 (61b08ee2c50024bab004e48d2b1b083cdbdac579-refs/branch-heads/4389@{#294}) on port 13070
Only local connections are allowed.
Please see https://chromedriver.chromium.org/security-considerations for suggestions on keeping ChromeDriver safe.
ChromeDriver was started successfully.
abr. 06, 2021 4:42:34 P. M. org.openqa.selenium.remote.ProtocolHandshake createSession
INFO: Detected dialect: W3C
]]></system-err>
  </testcase>
  <testcase name="Check_provisional_text_for_Terms_and_condition" classname="Jasper.Automation.Tests.Tests" time="1.44">
    <failure message="expected [true] but found [false]" type="java.lang.AssertionError">java.lang.AssertionError: expected [true] but found [false]
	at Jasper.Automation.Tests.Tests.Check_provisional_text_for_Terms_and_condition(Tests.java:97)
</failure>
    <system-err><![CDATA[Starting ChromeDriver 89.0.4389.23 (61b08ee2c50024bab004e48d2b1b083cdbdac579-refs/branch-heads/4389@{#294}) on port 23100
Only local connections are allowed.
Please see https://chromedriver.chromium.org/security-considerations for suggestions on keeping ChromeDriver safe.
ChromeDriver was started successfully.
abr. 06, 2021 4:42:46 P. M. org.openqa.selenium.remote.ProtocolHandshake createSession
INFO: Detected dialect: W3C
]]></system-err>
  </testcase>
  <testcase name="Factorial_for_limit_value_171_is_Not_infinity" classname="Jasper.Automation.Tests.Tests" time="4.343">
    <failure message="expected [true] but found [false]" type="java.lang.AssertionError">java.lang.AssertionError: expected [true] but found [false]
	at Jasper.Automation.Tests.Tests.Factorial_for_limit_value_171_is_Not_infinity(Tests.java:84)
</failure>
    <system-out><![CDATA[The factorial of 171 is: Infinity
]]></system-out>
    <system-err><![CDATA[Starting ChromeDriver 89.0.4389.23 (61b08ee2c50024bab004e48d2b1b083cdbdac579-refs/branch-heads/4389@{#294}) on port 8412
Only local connections are allowed.
Please see https://chromedriver.chromium.org/security-considerations for suggestions on keeping ChromeDriver safe.
ChromeDriver was started successfully.
abr. 06, 2021 4:42:57 P. M. org.openqa.selenium.remote.ProtocolHandshake createSession
INFO: Detected dialect: W3C
]]></system-err>
  </testcase>
  <testcase name="Get_factorial_for_limit_value_170" classname="Jasper.Automation.Tests.Tests" time="4.477"/>
  <testcase name="Get_factorial_for_limit_value_zero" classname="Jasper.Automation.Tests.Tests" time="4.363"/>
  <testcase name="Happy_path_Get_factorial_valid_num" classname="Jasper.Automation.Tests.Tests" time="4.278"/>
</testsuite>